<!DOCTYPE html>
<html>
<head>
    <meta http-equiv="Content-Type" content="text/html; charset=utf-8"/>
    <title>Test results</title>
    <style>
        body {
            font-family: sans-serif;
        }
        td.pass-true {
            color: darkgreen;
        }
        td.pass-false {
            color: darkred;
        }
    </style>
</head>
<body>
<h1>Compatibility Test Summary</h1>

<table border="1">
    <tr>
        <th>Test</th>
        <th>Attempt</th>
        <th>Result</th>
        <th>Start Time</th>
        <th>Finished Time</th>
        <th>Duration</th>
        <th>Session Id</th>
        <th></th>
    </tr>
            <tr>
            <th>mac catalina chrome</th>
            <td>1</td>
            <td class="pass-true"> Pass </td>
            <td>2020-02-06 04:26:35</td>
            <td>2020-02-06 04:27:02</td>
            <td>00:27</td>
            <td>a57067e306c802f4ea19f42071bdef8500ae14a7</td>
            <td></td>
        </tr>
            <tr>
            <th>mac catalina firefox</th>
            <td>1</td>
            <td class="pass-true"> Pass </td>
            <td>2020-02-06 04:24:40</td>
            <td>2020-02-06 04:25:14</td>
            <td>00:33</td>
            <td>d1c056074bee7ca54614630e42a9693211c0e584</td>
            <td></td>
        </tr>
            <tr>
            <th>mac mojave chrome</th>
            <td>1</td>
            <td class="pass-true"> Pass </td>
            <td>2020-02-06 04:23:58</td>
            <td>2020-02-06 04:24:40</td>
            <td>00:42</td>
            <td>6c0a459f890f441ebc36a52abf56c043df61c7a7</td>
            <td></td>
        </tr>
            <tr>
            <th>mac mojave firefox</th>
            <td>1</td>
            <td class="pass-true"> Pass </td>
            <td>2020-02-06 04:25:01</td>
            <td>2020-02-06 04:25:40</td>
            <td>00:38</td>
            <td>9ed059ae32e56013aaef74b51367940669fff0e3</td>
            <td></td>
        </tr>
            <tr>
            <th>mac mojave safari</th>
            <td>1</td>
            <td class="pass-false"> Fail </td>
            <td>2020-02-06 04:25:14</td>
            <td>2020-02-06 04:25:42</td>
            <td>00:27</td>
            <td>38099772ac4bd05dd827d9ac43249c321c4c3ac4</td>
            <td> <details><summary>Failure details</summary>org.openqa.selenium.NoSuchElementException: 
For documentation on this error, please visit: https://www.seleniumhq.org/exceptions/no_such_element.html
Build info: version: '3.141.59', revision: 'e82be7d358', time: '2018-11-14T08:17:03'
System info: host: 'f4e97bfe5089', ip: '172.27.0.3', os.name: 'Linux', os.arch: 'amd64', os.version: '4.15.0-1052-aws', java.version: '11.0.4'
Driver info: org.openqa.selenium.remote.RemoteWebDriver
Capabilities {acceptInsecureCerts: false, browserName: Safari, browserVersion: 12.1.2, javascriptEnabled: true, platform: MAC, platformName: MAC, safari:automaticInspection: false, safari:automaticProfiling: false, safari:diagnose: false, setWindowRect: true, strictFileInteractability: false, webdriver.remote.sessionid: 38099772ac4bd05dd827d9ac432..., webkit:WebRTC: {DisableICECandidateFiltering: false, DisableInsecureMediaCapture: false}}
Session ID: 38099772ac4bd05dd827d9ac43249c321c4c3ac4
*** Element info: {Using=css selector, value=input[value="agree"]}</details> </td>
        </tr>
            <tr>
            <th><!--mac mojave safari--></th>
            <td>2</td>
            <td class="pass-true"> Pass </td>
            <td>2020-02-06 04:25:42</td>
            <td>2020-02-06 04:26:35</td>
            <td>00:53</td>
            <td>14ac6ee045cfcec756c8460d3066826c30d0748d</td>
            <td></td>
        </tr>
            <tr>
            <th>mobile android galaxys8</th>
            <td>1</td>
            <td class="pass-true"> Pass </td>
            <td>2020-02-06 04:22:24</td>
            <td>2020-02-06 04:24:07</td>
            <td>01:42</td>
            <td>3ee74c189f3aeeb122e9a0842ea31482da1ad069</td>
            <td></td>
        </tr>
            <tr>
            <th>mobile android nexus6</th>
            <td>1</td>
            <td class="pass-true"> Pass </td>
            <td>2020-02-06 04:22:24</td>
            <td>2020-02-06 04:24:45</td>
            <td>02:21</td>
            <td>e56bf67e751dce28537917293a25591ab40b5e7d</td>
            <td></td>
        </tr>
            <tr>
            <th>mobile android pixel</th>
            <td>1</td>
            <td class="pass-true"> Pass </td>
            <td>2020-02-06 04:24:02</td>
            <td>2020-02-06 04:27:14</td>
            <td>03:12</td>
            <td>8324d95410e275720d999160a25ae8447b686746</td>
            <td></td>
        </tr>
            <tr>
            <th>mobile ios iphone8</th>
            <td>1</td>
            <td class="pass-false"> Fail </td>
            <td>2020-02-06 04:22:24</td>
            <td>2020-02-06 04:23:22</td>
            <td>00:57</td>
            <td>503b4d7936c601e925b8d5e44497ff7f548f5b65</td>
            <td> <details><summary>Failure details</summary>org.openqa.selenium.NoSuchElementException: An element could not be located on the page using the given search parameters. (WARNING: The server did not provide any stacktrace information)
Command duration or timeout: 0 milliseconds
For documentation on this error, please visit: https://www.seleniumhq.org/exceptions/no_such_element.html
Build info: version: '3.141.59', revision: 'e82be7d358', time: '2018-11-14T08:17:03'
System info: host: 'f4e97bfe5089', ip: '172.27.0.3', os.name: 'Linux', os.arch: 'amd64', os.version: '4.15.0-1052-aws', java.version: '11.0.4'
Driver info: org.openqa.selenium.remote.RemoteWebDriver
Capabilities {64bit: false, acceptSslCert: false, acceptSslCerts: false, appium_port: 8081, automationName: XCUITest, bootstrapPath: /usr/local/.browserstack/co..., browser: iphone, browserName: safari, browser_name: iPhone, browserstack.appiumLogs: true, browserstack.debug: false, browserstack.ie.noFlash: false, browserstack.isTargetBased: false, browserstack.tunnelIdentifier: , browserstack.useW3C: true, browserstack.use_w3c: true, browserstack.video: true, browserstack.video.disableWaterMark: false, databaseEnabled: false, detected_language: selenium/3.141.59 (java unix), device: iphone, deviceName: iPhone 8, deviceOrientation: portrait, javascriptEnabled: true, locationContextEnabled: false, mobile: {browser: mobile, version: iPhone 8-11.0}, networkConnectionEnabled: false, newCommandTimeout: 300, noReset: true, orientation: PORTRAIT, orig_os: ios, osVersion: 11, os_version: 11, platform: MAC, platformName: MAC, platformVersion: 11.0, proxy_type: node, realMobile: true, real_mobile: true, safariIgnoreFraudWarning: true, safariInitialUrl: http://mobile-internet-chec..., takesScreenshot: true, udid: 1e39dbc4f779258e32779807825..., useXctestrunFile: true, version: , wda_port: 8401, webStorageEnabled: false, webkitResponseTimeout: 20000}
Session ID: 503b4d7936c601e925b8d5e44497ff7f548f5b65
*** Element info: {Using=css selector, value=input[value="agree"]}</details> </td>
        </tr>
            <tr>
            <th><!--mobile ios iphone8--></th>
            <td>2</td>
            <td class="pass-false"> Fail </td>
            <td>2020-02-06 04:23:22</td>
            <td>2020-02-06 04:24:15</td>
            <td>00:53</td>
            <td>bbbe2ebb31338419abeb6526e84b1f40d4ec8ad8</td>
            <td> <details><summary>Failure details</summary>org.openqa.selenium.NoSuchElementException: An element could not be located on the page using the given search parameters. (WARNING: The server did not provide any stacktrace information)
Command duration or timeout: 0 milliseconds
For documentation on this error, please visit: https://www.seleniumhq.org/exceptions/no_such_element.html
Build info: version: '3.141.59', revision: 'e82be7d358', time: '2018-11-14T08:17:03'
System info: host: 'f4e97bfe5089', ip: '172.27.0.3', os.name: 'Linux', os.arch: 'amd64', os.version: '4.15.0-1052-aws', java.version: '11.0.4'
Driver info: org.openqa.selenium.remote.RemoteWebDriver
Capabilities {64bit: false, acceptSslCert: false, acceptSslCerts: false, appium_port: 8081, automationName: XCUITest, bootstrapPath: /usr/local/.browserstack/co..., browser: iphone, browserName: safari, browser_name: iPhone, browserstack.appiumLogs: true, browserstack.debug: false, browserstack.ie.noFlash: false, browserstack.isTargetBased: false, browserstack.tunnelIdentifier: , browserstack.useW3C: true, browserstack.use_w3c: true, browserstack.video: true, browserstack.video.disableWaterMark: false, databaseEnabled: false, detected_language: selenium/3.141.59 (java unix), device: iphone, deviceName: iPhone 8, deviceOrientation: portrait, javascriptEnabled: true, locationContextEnabled: false, mobile: {browser: mobile, version: iPhone 8-11.0}, networkConnectionEnabled: false, newCommandTimeout: 300, noReset: true, orientation: PORTRAIT, orig_os: ios, osVersion: 11, os_version: 11, platform: MAC, platformName: MAC, platformVersion: 11.0, proxy_type: node, realMobile: true, real_mobile: true, safariIgnoreFraudWarning: true, safariInitialUrl: http://mobile-internet-chec..., takesScreenshot: true, udid: e1f3214dacb87e0ca07bf111412..., useXctestrunFile: true, version: , wda_port: 8401, webStorageEnabled: false, webkitResponseTimeout: 20000}
Session ID: bbbe2ebb31338419abeb6526e84b1f40d4ec8ad8
*** Element info: {Using=css selector, value=input[value="agree"]}</details> </td>
        </tr>
            <tr>
            <th><!--mobile ios iphone8--></th>
            <td>3</td>
            <td class="pass-false"> Fail </td>
            <td>2020-02-06 04:24:15</td>
            <td>2020-02-06 04:25:13</td>
            <td>00:57</td>
            <td>3667bf777139f22f2ce60c3416f7ef3abfd26cd0</td>
            <td> <details><summary>Failure details</summary>org.openqa.selenium.NoSuchElementException: An element could not be located on the page using the given search parameters. (WARNING: The server did not provide any stacktrace information)
Command duration or timeout: 0 milliseconds
For documentation on this error, please visit: https://www.seleniumhq.org/exceptions/no_such_element.html
Build info: version: '3.141.59', revision: 'e82be7d358', time: '2018-11-14T08:17:03'
System info: host: 'f4e97bfe5089', ip: '172.27.0.3', os.name: 'Linux', os.arch: 'amd64', os.version: '4.15.0-1052-aws', java.version: '11.0.4'
Driver info: org.openqa.selenium.remote.RemoteWebDriver
Capabilities {64bit: false, acceptSslCert: false, acceptSslCerts: false, appium_port: 8080, automationName: XCUITest, bootstrapPath: /usr/local/.browserstack/co..., browser: iphone, browserName: safari, browser_name: iPhone, browserstack.appiumLogs: true, browserstack.debug: false, browserstack.ie.noFlash: false, browserstack.isTargetBased: false, browserstack.tunnelIdentifier: , browserstack.useW3C: true, browserstack.use_w3c: true, browserstack.video: true, browserstack.video.disableWaterMark: false, databaseEnabled: false, detected_language: selenium/3.141.59 (java unix), device: iphone, deviceName: iPhone 8, deviceOrientation: portrait, javascriptEnabled: true, locationContextEnabled: false, mobile: {browser: mobile, version: iPhone 8-11.0}, networkConnectionEnabled: false, newCommandTimeout: 300, noReset: true, orientation: PORTRAIT, orig_os: ios, osVersion: 11, os_version: 11, platform: MAC, platformName: MAC, platformVersion: 11.0, proxy_type: node, realMobile: true, real_mobile: true, safariIgnoreFraudWarning: true, safariInitialUrl: http://mobile-internet-chec..., takesScreenshot: true, udid: 1b5293472211afe7dd64084a3e4..., useXctestrunFile: true, version: , wda_port: 8400, webStorageEnabled: false, webkitResponseTimeout: 20000}
Session ID: 3667bf777139f22f2ce60c3416f7ef3abfd26cd0
*** Element info: {Using=css selector, value=input[value="agree"]}</details> </td>
        </tr>
            <tr>
            <th><!--mobile ios iphone8--></th>
            <td>4</td>
            <td class="pass-false"> Fail </td>
            <td>2020-02-06 04:25:13</td>
            <td>2020-02-06 04:26:05</td>
            <td>00:51</td>
            <td>4f63f34181d14cd2fe359b3c744b1a27babdddd2</td>
            <td> <details><summary>Failure details</summary>org.openqa.selenium.NoSuchElementException: An element could not be located on the page using the given search parameters. (WARNING: The server did not provide any stacktrace information)
Command duration or timeout: 0 milliseconds
For documentation on this error, please visit: https://www.seleniumhq.org/exceptions/no_such_element.html
Build info: version: '3.141.59', revision: 'e82be7d358', time: '2018-11-14T08:17:03'
System info: host: 'f4e97bfe5089', ip: '172.27.0.3', os.name: 'Linux', os.arch: 'amd64', os.version: '4.15.0-1052-aws', java.version: '11.0.4'
Driver info: org.openqa.selenium.remote.RemoteWebDriver
Capabilities {64bit: false, acceptSslCert: false, acceptSslCerts: false, appium_port: 8080, automationName: XCUITest, bootstrapPath: /usr/local/.browserstack/co..., browser: iphone, browserName: safari, browser_name: iPhone, browserstack.appiumLogs: true, browserstack.debug: false, browserstack.ie.noFlash: false, browserstack.isTargetBased: false, browserstack.tunnelIdentifier: , browserstack.useW3C: true, browserstack.use_w3c: true, browserstack.video: true, browserstack.video.disableWaterMark: false, databaseEnabled: false, detected_language: selenium/3.141.59 (java unix), device: iphone, deviceName: iPhone 8, deviceOrientation: portrait, javascriptEnabled: true, locationContextEnabled: false, mobile: {browser: mobile, version: iPhone 8-11.0}, networkConnectionEnabled: false, newCommandTimeout: 300, noReset: true, orientation: PORTRAIT, orig_os: ios, osVersion: 11, os_version: 11, platform: MAC, platformName: MAC, platformVersion: 11.0, proxy_type: node, realMobile: true, real_mobile: true, safariIgnoreFraudWarning: true, safariInitialUrl: http://mobile-internet-chec..., takesScreenshot: true, udid: 0377b5a40dc91ce26e0fccc84d5..., useXctestrunFile: true, version: , wda_port: 8400, webStorageEnabled: false, webkitResponseTimeout: 20000}
Session ID: 4f63f34181d14cd2fe359b3c744b1a27babdddd2
*** Element info: {Using=css selector, value=input[value="agree"]}</details> </td>
        </tr>
            <tr>
            <th>mobile ios iphonexs</th>
            <td>1</td>
            <td class="pass-true"> Pass </td>
            <td>2020-02-06 04:24:45</td>
            <td>2020-02-06 04:25:48</td>
            <td>01:02</td>
            <td>601ff86866cbbba812921735bdfc473f0d54ebe3</td>
            <td></td>
        </tr>
            <tr>
            <th>tablet ios ipad mini4</th>
            <td>1</td>
            <td class="pass-true"> Pass </td>
            <td>2020-02-06 04:26:28</td>
            <td>2020-02-06 04:28:24</td>
            <td>01:55</td>
            <td>ba846472b6350fc4f75caf52d2fc83a165a0e43b</td>
            <td></td>
        </tr>
            <tr>
            <th>tablet ios ipad pro 11</th>
            <td>1</td>
            <td class="pass-false"> Fail </td>
            <td>2020-02-06 04:22:24</td>
            <td>2020-02-06 04:23:12</td>
            <td>00:47</td>
            <td>0aef7312b65c99b7dab309696c3f3febf77c5ab1</td>
            <td> <details><summary>Failure details</summary>org.openqa.selenium.NoSuchElementException: An element could not be located on the page using the given search parameters. (WARNING: The server did not provide any stacktrace information)
Command duration or timeout: 0 milliseconds
For documentation on this error, please visit: https://www.seleniumhq.org/exceptions/no_such_element.html
Build info: version: '3.141.59', revision: 'e82be7d358', time: '2018-11-14T08:17:03'
System info: host: 'f4e97bfe5089', ip: '172.27.0.3', os.name: 'Linux', os.arch: 'amd64', os.version: '4.15.0-1052-aws', java.version: '11.0.4'
Driver info: org.openqa.selenium.remote.RemoteWebDriver
Capabilities {64bit: false, acceptSslCert: false, acceptSslCerts: false, appium_port: 8082, automationName: XCUITest, bootstrapPath: /usr/local/.browserstack/co..., browser: ipad, browserName: safari, browser_name: iPad, browserstack.appiumLogs: true, browserstack.debug: false, browserstack.ie.noFlash: false, browserstack.isTargetBased: false, browserstack.tunnelIdentifier: , browserstack.useW3C: true, browserstack.use_w3c: true, browserstack.video: true, browserstack.video.disableWaterMark: false, databaseEnabled: false, detected_language: selenium/3.141.59 (java unix), device: iphone, deviceName: iPad Pro 11 2018, deviceOrientation: portrait, javascriptEnabled: true, locationContextEnabled: false, mobile: {browser: tablet, version: iPad Pro 11 2018-12.1}, networkConnectionEnabled: false, newCommandTimeout: 300, noReset: true, orientation: PORTRAIT, orig_os: ios, osVersion: 12, os_version: 12, platform: MAC, platformName: MAC, platformVersion: 12.0, proxy_type: node, realMobile: true, real_mobile: true, safariIgnoreFraudWarning: true, safariInitialUrl: http://mobile-internet-chec..., takesScreenshot: true, udid: 00008027-000E10A43422002E, useXctestrunFile: true, version: , wda_port: 8402, webStorageEnabled: false, webkitResponseTimeout: 20000}
Session ID: 0aef7312b65c99b7dab309696c3f3febf77c5ab1
*** Element info: {Using=css selector, value=input[value="agree"]}</details> </td>
        </tr>
            <tr>
            <th><!--tablet ios ipad pro 11--></th>
            <td>2</td>
            <td class="pass-true"> Pass </td>
            <td>2020-02-06 04:23:12</td>
            <td>2020-02-06 04:24:02</td>
            <td>00:49</td>
            <td>49453d3346ac74db9401e2b18237b33c1d1d0a03</td>
            <td></td>
        </tr>
            <tr>
            <th>tablet ios ipad6</th>
            <td>1</td>
            <td class="pass-true"> Pass </td>
            <td>2020-02-06 04:24:07</td>
            <td>2020-02-06 04:25:01</td>
            <td>00:54</td>
            <td>d6f82dfc89a5fdef61cdb1c6b4d3885e21d8ca22</td>
            <td></td>
        </tr>
            <tr>
            <th>windows win10 chrome</th>
            <td>1</td>
            <td class="pass-true"> Pass </td>
            <td>2020-02-06 04:25:40</td>
            <td>2020-02-06 04:26:28</td>
            <td>00:48</td>
            <td>2f4786a37ce973edaefb3adef37a8a764240e5dc</td>
            <td></td>
        </tr>
            <tr>
            <th>windows win10 edge</th>
            <td>1</td>
            <td class="pass-true"> Pass </td>
            <td>2020-02-06 04:22:24</td>
            <td>2020-02-06 04:23:58</td>
            <td>01:33</td>
            <td>1ea5f5db6be71a7ed5585d33520e9555607caa44</td>
            <td></td>
        </tr>
            <tr>
            <th>windows win10 firefox</th>
            <td>1</td>
            <td class="pass-true"> Pass </td>
            <td>2020-02-06 04:26:05</td>
            <td>2020-02-06 04:27:15</td>
            <td>01:09</td>
            <td>3ba3ce1d403b5924707c56f238a982bd97e3ac80</td>
            <td></td>
        </tr>
            <tr>
            <th>windows win10 ie</th>
            <td>1</td>
            <td class="pass-true"> Pass </td>
            <td>2020-02-06 04:25:48</td>
            <td>2020-02-06 04:28:32</td>
            <td>02:44</td>
            <td>0b7132714579c2672c7104c56d8febd4e2d30ba0</td>
            <td></td>
        </tr>
    </table>

</body>
